<?xml version="1.0" encoding="UTF-8"?>
<!-- Generated by org.testng.reporters.JUnitReportReporter -->
<testsuite skipped="0" hostname="LAPTOP-P62VQRDV" name="testNGtutorial.TestNGtutorial1" tests="1" failures="0" timestamp="2019-09-08T00:58:49 EDT" time="0.016" errors="0">
  <testcase name="googleTitle" time="0.016" classname="testNGtutorial.TestNGtutorial1"/>
</testsuite> <!-- testNGtutorial.TestNGtutorial1 -->
